<?xml version="1.0" encoding="UTF-8"?>
<testsuite xmlns:xsi="http://www.w3.org/2001/XMLSchema-instance" xsi:noNamespaceSchemaLocation="https://maven.apache.org/surefire/maven-surefire-plugin/xsd/surefire-test-report-3.0.xsd" version="3.0" name="com.myapp.historytestmicroservice.HistoryTestMicroserviceApplicationTests" time="10.397" tests="1" errors="0" skipped="0" failures="0">
  <properties>
[...]
</properties>
  <testcase name="contextLoads" classname="com.myapp.historytestmicroservice.HistoryTestMicroserviceApplicationTests" time="0.802">
    <system-out><![CDATA[15:11:55.912 [main] INFO org.springframework.test.context.support.AnnotationConfigContextLoaderUtils -- Could not detect default configuration classes for test class [com.myapp.historytestmicroservice.HistoryTestMicroserviceApplicationTests]: HistoryTestMicroserviceApplicationTests does not declare any static, non-private, non-final, nested classes annotated with @Configuration.
15:11:56.084 [main] INFO org.springframework.boot.test.context.SpringBootTestContextBootstrapper -- Found @SpringBootConfiguration com.myapp.historytestmicroservice.HistoryTestMicroserviceApplication for test class com.myapp.historytestmicroservice.HistoryTestMicroserviceApplicationTests
15:11:56.401 [main] INFO org.springframework.boot.devtools.restart.RestartApplicationListener -- Restart disabled due to context in which it is running

  .   ____          _            __ _ _
 /\\ / ___'_ __ _ _(_)_ __  __ _ \ \ \ \
( ( )\___ | '_ | '_| | '_ \/ _` | \ \ \ \
 \\/  ___)| |_)| | | | | || (_| |  ) ) ) )
  '  |____| .__|_| |_|_| |_\__, | / / / /
 =========|_|==============|___/=/_/_/_/
 :: Spring Boot ::               (v3.1.10)

2024-05-14T15:11:56.849+03:00  INFO 12144 --- [           main] .HistoryTestMicroserviceApplicationTests : Starting HistoryTestMicroserviceApplicationTests using Java 21.0.1 with PID 12144 (started by 10390 in C:\Users\10390\Desktop\TRY\project-history-quize\history-testing-microservice)
2024-05-14T15:11:56.852+03:00  INFO 12144 --- [           main] .HistoryTestMicroserviceApplicationTests : No active profile set, falling back to 1 default profile: "default"
2024-05-14T15:11:57.923+03:00  INFO 12144 --- [           main] .s.d.r.c.RepositoryConfigurationDelegate : Bootstrapping Spring Data JPA repositories in DEFAULT mode.
2024-05-14T15:11:58.163+03:00  INFO 12144 --- [           main] .s.d.r.c.RepositoryConfigurationDelegate : Finished Spring Data repository scanning in 216 ms. Found 2 JPA repository interfaces.
2024-05-14T15:11:58.499+03:00  INFO 12144 --- [           main] o.s.cloud.context.scope.GenericScope     : BeanFactory id=1066a73e-6e6c-3de9-a1c8-55f62eefb677
2024-05-14T15:11:58.989+03:00  INFO 12144 --- [           main] o.hibernate.jpa.internal.util.LogHelper  : HHH000204: Processing PersistenceUnitInfo [name: default]
2024-05-14T15:11:59.100+03:00  INFO 12144 --- [           main] org.hibernate.Version                    : HHH000412: Hibernate ORM core version 6.2.22.Final
2024-05-14T15:11:59.104+03:00  INFO 12144 --- [           main] org.hibernate.cfg.Environment            : HHH000406: Using bytecode reflection optimizer
2024-05-14T15:11:59.589+03:00  INFO 12144 --- [           main] o.s.o.j.p.SpringPersistenceUnitInfo      : No LoadTimeWeaver setup: ignoring JPA class transformer
2024-05-14T15:11:59.637+03:00  INFO 12144 --- [           main] com.zaxxer.hikari.HikariDataSource       : HikariPool-1 - Starting...
2024-05-14T15:12:00.063+03:00  INFO 12144 --- [           main] com.zaxxer.hikari.pool.HikariPool        : HikariPool-1 - Added connection org.postgresql.jdbc.PgConnection@72324965
2024-05-14T15:12:00.065+03:00  INFO 12144 --- [           main] com.zaxxer.hikari.HikariDataSource       : HikariPool-1 - Start completed.
2024-05-14T15:12:00.105+03:00  WARN 12144 --- [           main] org.hibernate.orm.deprecation            : HHH90000025: PostgreSQLDialect does not need to be specified explicitly using 'hibernate.dialect' (remove the property setting and it will be selected by default)
2024-05-14T15:12:01.222+03:00  INFO 12144 --- [           main] o.h.e.t.j.p.i.JtaPlatformInitiator       : HHH000489: No JTA platform available (set 'hibernate.transaction.jta.platform' to enable JTA platform integration)
2024-05-14T15:12:01.393+03:00  WARN 12144 --- [           main] o.h.engine.jdbc.spi.SqlExceptionHelper   : SQL Warning Code: 0, SQLState: 00000
2024-05-14T15:12:01.393+03:00  WARN 12144 --- [           main] o.h.engine.jdbc.spi.SqlExceptionHelper   : constraint "uk_aoocyteu6o3xrboa98gll9wra" of relation "category" does not exist, skipping
2024-05-14T15:12:01.400+03:00  WARN 12144 --- [           main] o.h.engine.jdbc.spi.SqlExceptionHelper   : SQL Warning Code: 0, SQLState: 00000
2024-05-14T15:12:01.400+03:00  WARN 12144 --- [           main] o.h.engine.jdbc.spi.SqlExceptionHelper   : constraint "uk_2d0pb99ntose1t0hydlyhd5tk" of relation "question" does not exist, skipping
2024-05-14T15:12:01.406+03:00  INFO 12144 --- [           main] j.LocalContainerEntityManagerFactoryBean : Initialized JPA EntityManagerFactory for persistence unit 'default'
2024-05-14T15:12:01.803+03:00  INFO 12144 --- [           main] o.s.d.j.r.query.QueryEnhancerFactory     : Hibernate is in classpath; If applicable, HQL parser will be used.
2024-05-14T15:12:02.170+03:00  WARN 12144 --- [           main] JpaBaseConfiguration$JpaWebConfiguration : spring.jpa.open-in-view is enabled by default. Therefore, database queries may be performed during view rendering. Explicitly configure spring.jpa.open-in-view to disable this warning
2024-05-14T15:12:03.950+03:00  INFO 12144 --- [           main] DiscoveryClientOptionalArgsConfiguration : Eureka HTTP Client uses RestTemplate.
2024-05-14T15:12:04.059+03:00  WARN 12144 --- [           main] iguration$LoadBalancerCaffeineWarnLogger : Spring Cloud LoadBalancer is currently working with the default cache. While this cache implementation is useful for development and tests, it's recommended to use Caffeine cache in production.You can switch to using Caffeine cache, by adding it and org.springframework.cache.caffeine.CaffeineCacheManager to the classpath.
2024-05-14T15:12:04.094+03:00  INFO 12144 --- [           main] o.s.c.n.eureka.InstanceInfoFactory       : Setting initial instance status as: STARTING
2024-05-14T15:12:04.367+03:00  INFO 12144 --- [           main] com.netflix.discovery.DiscoveryClient    : Initializing Eureka in region us-east-1
2024-05-14T15:12:04.373+03:00  INFO 12144 --- [           main] c.n.d.s.r.aws.ConfigClusterResolver      : Resolving eureka endpoints via configuration
2024-05-14T15:12:04.405+03:00  INFO 12144 --- [           main] com.netflix.discovery.DiscoveryClient    : Disable delta property : false
2024-05-14T15:12:04.405+03:00  INFO 12144 --- [           main] com.netflix.discovery.DiscoveryClient    : Single vip registry refresh property : null
2024-05-14T15:12:04.405+03:00  INFO 12144 --- [           main] com.netflix.discovery.DiscoveryClient    : Force full registry fetch : false
2024-05-14T15:12:04.405+03:00  INFO 12144 --- [           main] com.netflix.discovery.DiscoveryClient    : Application is null : false
2024-05-14T15:12:04.405+03:00  INFO 12144 --- [           main] com.netflix.discovery.DiscoveryClient    : Registered Applications size is zero : true
2024-05-14T15:12:04.405+03:00  INFO 12144 --- [           main] com.netflix.discovery.DiscoveryClient    : Application version is -1: true
2024-05-14T15:12:04.405+03:00  INFO 12144 --- [           main] com.netflix.discovery.DiscoveryClient    : Getting all instance registry info from the eureka server
2024-05-14T15:12:05.158+03:00  INFO 12144 --- [           main] com.netflix.discovery.DiscoveryClient    : The response status is 200
2024-05-14T15:12:05.160+03:00  INFO 12144 --- [           main] com.netflix.discovery.DiscoveryClient    : Starting heartbeat executor: renew interval is: 30
2024-05-14T15:12:05.162+03:00  INFO 12144 --- [           main] c.n.discovery.InstanceInfoReplicator     : InstanceInfoReplicator onDemand update allowed rate per min is 4
2024-05-14T15:12:05.168+03:00  INFO 12144 --- [           main] com.netflix.discovery.DiscoveryClient    : Discovery Client initialized at timestamp 1715688725167 with initial instances count: 0
2024-05-14T15:12:05.171+03:00  INFO 12144 --- [           main] o.s.c.n.e.s.EurekaServiceRegistry        : Registering application QUESTION-SERVICE with eureka with status UP
2024-05-14T15:12:05.172+03:00  INFO 12144 --- [           main] com.netflix.discovery.DiscoveryClient    : Saw local status change event StatusChangeEvent [timestamp=1715688725172, current=UP, previous=STARTING]
2024-05-14T15:12:05.175+03:00  INFO 12144 --- [nfoReplicator-0] com.netflix.discovery.DiscoveryClient    : DiscoveryClient_QUESTION-SERVICE/host.docker.internal:question-service: registering service...
2024-05-14T15:12:05.188+03:00  INFO 12144 --- [           main] .HistoryTestMicroserviceApplicationTests : Started HistoryTestMicroserviceApplicationTests in 8.816 seconds (process running for 10.845)
2024-05-14T15:12:05.560+03:00  INFO 12144 --- [nfoReplicator-0] com.netflix.discovery.DiscoveryClient    : DiscoveryClient_QUESTION-SERVICE/host.docker.internal:question-service - registration status: 204
]]></system-out>
    <system-err><![CDATA[WARNING: A Java agent has been loaded dynamically (C:\Users\10390\.m2\repository\net\bytebuddy\byte-buddy-agent\1.14.12\byte-buddy-agent-1.14.12.jar)
WARNING: If a serviceability tool is in use, please run with -XX:+EnableDynamicAgentLoading to hide this warning
WARNING: If a serviceability tool is not in use, please run with -Djdk.instrument.traceUsage for more information
WARNING: Dynamic loading of agents will be disallowed by default in a future release
]]></system-err>
  </testcase>
</testsuite>